mktextfm FontAwesome
mktextfm FontAwesome
mktextfm FontAwesome
mktextfm FontAwesome/BI
mktextfm FontAwesome
mktextfm FontAwesome/B
mktextfm FontAwesome
mktextfm FontAwesome/I
mktextfm FontAwesome
mktextfm FontAwesome
mktextfm FontAwesome
mktextfm FontAwesome
mktextfm FontAwesome
mktextfm FontAwesome/BI
mktextfm FontAwesome
mktextfm FontAwesome/B
mktextfm FontAwesome
mktextfm FontAwesome/I
mktextfm FontAwesome
mktextfm FontAwesome
mktextfm FontAwesome
mktextfm FontAwesome
mktextfm FontAwesome
mktextfm FontAwesome/BI
mktextfm FontAwesome
mktextfm FontAwesome/B
mktextfm FontAwesome
mktextfm FontAwesome/I
mktextfm FontAwesome
mktextfm FontAwesome
mktextfm FontAwesome
mktextfm FontAwesome
mktextfm FontAwesome
mktextfm FontAwesome/BI
mktextfm FontAwesome
mktextfm FontAwesome/B
mktextfm FontAwesome
mktextfm FontAwesome/I
mktextfm FontAwesome
mktextfm FontAwesome
mktextfm FontAwesome
mktextfm FontAwesome
mktextfm FontAwesome
mktextfm FontAwesome/BI
mktextfm FontAwesome
mktextfm FontAwesome/B
mktextfm FontAwesome
mktextfm FontAwesome/I
mktextfm FontAwesome
mktextfm FontAwesome
mktextfm FontAwesome
mktextfm FontAwesome
mktextfm FontAwesome
mktextfm FontAwesome/BI
mktextfm FontAwesome
mktextfm FontAwesome/B
mktextfm FontAwesome
mktextfm FontAwesome/I
mktextfm FontAwesome
mktextfm FontAwesome
mktextfm FontAwesome
mktextfm FontAwesome
mktextfm FontAwesome
mktextfm FontAwesome/BI
mktextfm FontAwesome
mktextfm FontAwesome/B
mktextfm FontAwesome
mktextfm FontAwesome/I
mktextfm FontAwesome
mktextfm FontAwesome
mktextfm FontAwesome
mktextfm FontAwesome
mktextfm FontAwesome
mktextfm FontAwesome/BI
mktextfm FontAwesome
mktextfm FontAwesome/B
mktextfm FontAwesome
mktextfm FontAwesome/I
mktextfm FontAwesome
mktextfm FontAwesome
mktextfm FontAwesome
mktextfm FontAwesome
mktextfm FontAwesome
mktextfm FontAwesome/BI
mktextfm FontAwesome
mktextfm FontAwesome/B
mktextfm FontAwesome
mktextfm FontAwesome/I
mktextfm FontAwesome
mktextfm FontAwesome
mktextfm FontAwesome
mktextfm FontAwesome
mktextfm FontAwesome
mktextfm FontAwesome/BI
mktextfm FontAwesome
mktextfm FontAwesome/B
mktextfm FontAwesome
mktextfm FontAwesome/I
mktextfm FontAwesome
mktextfm FontAwesome
mktextfm P
mktextfm P
mktextfm P
mktextfm P/BI
mktextfm P
mktextfm P/B
mktextfm P
mktextfm P/I
mktextfm P
mktextfm P
mktextfm FontAwesome
mktextfm FontAwesome
mktextfm FontAwesome
mktextfm FontAwesome/BI
mktextfm FontAwesome
mktextfm FontAwesome/B
mktextfm FontAwesome
mktextfm FontAwesome/I
mktextfm FontAwesome
mktextfm FontAwesome
mktextfm FontAwesome
mktextfm FontAwesome
mktextfm FontAwesome
mktextfm FontAwesome/BI
mktextfm FontAwesome
mktextfm FontAwesome/B
mktextfm FontAwesome
mktextfm FontAwesome/I
mktextfm FontAwesome
mktextfm FontAwesome
mktextfm FontAwesome
mktextfm FontAwesome
mktextfm FontAwesome
mktextfm FontAwesome/BI
mktextfm FontAwesome
mktextfm FontAwesome/B
mktextfm FontAwesome
mktextfm FontAwesome/I
mktextfm FontAwesome
mktextfm FontAwesome
